<?xml version="1.0" encoding="UTF-8"?>
<!-- Generated by org.testng.reporters.JUnitReportReporter -->
<testsuite hostname="IN-B7KRXM3" failures="0" tests="1" name="Testcases.Test1" time="18.963" errors="0" timestamp="04 Oct 2023 18:39:11 GMT" skipped="0">
  <testcase classname="Testcases.Test1" name="test1" time="18.963"/>
</testsuite> <!-- Testcases.Test1 -->
